{"TracerIdentity":"coord","TraceID":4484083746252012746,"Tag":"CreateTrace","Body":{},"VectorClock":{"coord":1}}
{"TracerIdentity":"coord","TraceID":4484083746252012746,"Tag":"CoordStart","Body":{},"VectorClock":{"coord":2}}
{"TracerIdentity":"router1","TraceID":6604124801264471496,"Tag":"CreateTrace","Body":{},"VectorClock":{"router1":1}}
{"TracerIdentity":"router1","TraceID":6604124801264471496,"Tag":"RouterStart","Body":{"RouterId":1},"VectorClock":{"router1":2}}
{"TracerIdentity":"router1","TraceID":7190268721175037160,"Tag":"CreateTrace","Body":{},"VectorClock":{"router1":3}}
{"TracerIdentity":"router1","TraceID":7190268721175037160,"Tag":"RouterJoining","Body":{"RouterId":1},"VectorClock":{"router1":4}}
{"TracerIdentity":"router1","TraceID":7190268721175037160,"Tag":"GenerateTokenTrace","Body":{"Token":"p3JvdXRlcjHPY8j3TmU9hOiBp3JvdXRlcjEF"},"VectorClock":{"router1":5}}
{"TracerIdentity":"coord","TraceID":7190268721175037160,"Tag":"ReceiveTokenTrace","Body":{"Token":"p3JvdXRlcjHPY8j3TmU9hOiBp3JvdXRlcjEF"},"VectorClock":{"coord":3,"router1":5}}
{"TracerIdentity":"coord","TraceID":7190268721175037160,"Tag":"RouterJoinRequestRecvd","Body":{"RouterId":1},"VectorClock":{"coord":4,"router1":5}}
{"TracerIdentity":"coord","TraceID":7190268721175037160,"Tag":"RouterRegistryUpdated","Body":{"Routers":[1]},"VectorClock":{"coord":5,"router1":5}}
{"TracerIdentity":"coord","TraceID":7190268721175037160,"Tag":"RouterJoinRequestHandled","Body":{"RouterId":1},"VectorClock":{"coord":6,"router1":5}}
{"TracerIdentity":"coord","TraceID":7190268721175037160,"Tag":"GenerateTokenTrace","Body":{"Token":"pWNvb3Jkz2PI905lPYTogqVjb29yZAencm91dGVyMQU="},"VectorClock":{"coord":7,"router1":5}}
{"TracerIdentity":"router1","TraceID":7190268721175037160,"Tag":"ReceiveTokenTrace","Body":{"Token":"pWNvb3Jkz2PI905lPYTogqVjb29yZAencm91dGVyMQU="},"VectorClock":{"coord":7,"router1":6}}
{"TracerIdentity":"router1","TraceID":7190268721175037160,"Tag":"RouterJoined","Body":{"RouterId":1},"VectorClock":{"coord":7,"router1":7}}
{"TracerIdentity":"router2","TraceID":3061107622924825707,"Tag":"CreateTrace","Body":{},"VectorClock":{"router2":1}}
{"TracerIdentity":"router2","TraceID":3061107622924825707,"Tag":"RouterStart","Body":{"RouterId":2},"VectorClock":{"router2":2}}
{"TracerIdentity":"router2","TraceID":5295478725297730809,"Tag":"CreateTrace","Body":{},"VectorClock":{"router2":3}}
{"TracerIdentity":"router2","TraceID":5295478725297730809,"Tag":"RouterJoining","Body":{"RouterId":2},"VectorClock":{"router2":4}}
{"TracerIdentity":"router2","TraceID":5295478725297730809,"Tag":"GenerateTokenTrace","Body":{"Token":"p3JvdXRlcjLPSX1R2BECdPmBp3JvdXRlcjIF"},"VectorClock":{"router2":5}}
{"TracerIdentity":"coord","TraceID":5295478725297730809,"Tag":"ReceiveTokenTrace","Body":{"Token":"p3JvdXRlcjLPSX1R2BECdPmBp3JvdXRlcjIF"},"VectorClock":{"coord":8,"router1":5,"router2":5}}
{"TracerIdentity":"coord","TraceID":5295478725297730809,"Tag":"RouterJoinRequestRecvd","Body":{"RouterId":2},"VectorClock":{"coord":9,"router1":5,"router2":5}}
{"TracerIdentity":"coord","TraceID":5295478725297730809,"Tag":"RouterRegistryUpdated","Body":{"Routers":[1,2]},"VectorClock":{"coord":10,"router1":5,"router2":5}}
{"TracerIdentity":"coord","TraceID":5295478725297730809,"Tag":"RouterJoinRequestHandled","Body":{"RouterId":2},"VectorClock":{"coord":11,"router1":5,"router2":5}}
{"TracerIdentity":"coord","TraceID":5295478725297730809,"Tag":"GenerateTokenTrace","Body":{"Token":"pWNvb3Jkz0l9UdgRAnT5g6dyb3V0ZXIxBadyb3V0ZXIyBaVjb29yZAw="},"VectorClock":{"coord":12,"router1":5,"router2":5}}
{"TracerIdentity":"router2","TraceID":5295478725297730809,"Tag":"ReceiveTokenTrace","Body":{"Token":"pWNvb3Jkz0l9UdgRAnT5g6dyb3V0ZXIxBadyb3V0ZXIyBaVjb29yZAw="},"VectorClock":{"coord":12,"router1":5,"router2":6}}
{"TracerIdentity":"router2","TraceID":5295478725297730809,"Tag":"RouterJoined","Body":{"RouterId":2},"VectorClock":{"coord":12,"router1":5,"router2":7}}
{"TracerIdentity":"router3","TraceID":2038243919151998568,"Tag":"CreateTrace","Body":{},"VectorClock":{"router3":1}}
{"TracerIdentity":"router3","TraceID":2038243919151998568,"Tag":"RouterStart","Body":{"RouterId":3},"VectorClock":{"router3":2}}
{"TracerIdentity":"router3","TraceID":8304460341534223392,"Tag":"CreateTrace","Body":{},"VectorClock":{"router3":3}}
{"TracerIdentity":"router3","TraceID":8304460341534223392,"Tag":"RouterJoining","Body":{"RouterId":3},"VectorClock":{"router3":4}}
{"TracerIdentity":"router3","TraceID":8304460341534223392,"Tag":"GenerateTokenTrace","Body":{"Token":"p3JvdXRlcjPPcz9eroR3bCCBp3JvdXRlcjMF"},"VectorClock":{"router3":5}}
{"TracerIdentity":"coord","TraceID":8304460341534223392,"Tag":"ReceiveTokenTrace","Body":{"Token":"p3JvdXRlcjPPcz9eroR3bCCBp3JvdXRlcjMF"},"VectorClock":{"coord":13,"router1":5,"router2":5,"router3":5}}
{"TracerIdentity":"coord","TraceID":8304460341534223392,"Tag":"RouterJoinRequestRecvd","Body":{"RouterId":3},"VectorClock":{"coord":14,"router1":5,"router2":5,"router3":5}}
{"TracerIdentity":"coord","TraceID":8304460341534223392,"Tag":"RouterRegistryUpdated","Body":{"Routers":[1,2,3]},"VectorClock":{"coord":15,"router1":5,"router2":5,"router3":5}}
{"TracerIdentity":"coord","TraceID":8304460341534223392,"Tag":"RouterJoinRequestHandled","Body":{"RouterId":3},"VectorClock":{"coord":16,"router1":5,"router2":5,"router3":5}}
{"TracerIdentity":"coord","TraceID":8304460341534223392,"Tag":"GenerateTokenTrace","Body":{"Token":"pWNvb3Jkz3M/Xq6Ed2wghKdyb3V0ZXIzBaVjb29yZBGncm91dGVyMQWncm91dGVyMgU="},"VectorClock":{"coord":17,"router1":5,"router2":5,"router3":5}}
{"TracerIdentity":"router3","TraceID":8304460341534223392,"Tag":"ReceiveTokenTrace","Body":{"Token":"pWNvb3Jkz3M/Xq6Ed2wghKdyb3V0ZXIzBaVjb29yZBGncm91dGVyMQWncm91dGVyMgU="},"VectorClock":{"coord":17,"router1":5,"router2":5,"router3":6}}
{"TracerIdentity":"router3","TraceID":8304460341534223392,"Tag":"RouterJoined","Body":{"RouterId":3},"VectorClock":{"coord":17,"router1":5,"router2":5,"router3":7}}
{"TracerIdentity":"client1","TraceID":8836995917212901287,"Tag":"CreateTrace","Body":{},"VectorClock":{"client1":1}}
{"TracerIdentity":"client1","TraceID":8836995917212901287,"Tag":"GetOnionRing","Body":{"ClientId":"abc584f3-ad0a-48c6-aedf-1f8f45f4640d"},"VectorClock":{"client1":2}}
{"TracerIdentity":"client1","TraceID":8836995917212901287,"Tag":"GenerateTokenTrace","Body":{"Token":"p2NsaWVudDHPeqNQ918NX6eBp2NsaWVudDED"},"VectorClock":{"client1":3}}
{"TracerIdentity":"coord","TraceID":8836995917212901287,"Tag":"ReceiveTokenTrace","Body":{"Token":"p2NsaWVudDHPeqNQ918NX6eBp2NsaWVudDED"},"VectorClock":{"client1":3,"coord":18,"router1":5,"router2":5,"router3":5}}
{"TracerIdentity":"coord","TraceID":8836995917212901287,"Tag":"OnionRingRequestRcvd","Body":{"ClientId":"abc584f3-ad0a-48c6-aedf-1f8f45f4640d"},"VectorClock":{"client1":3,"coord":19,"router1":5,"router2":5,"router3":5}}
{"TracerIdentity":"coord","TraceID":8836995917212901287,"Tag":"RouterActiveChainCounts","Body":{"Counts":[{"RouterId":3,"ActiveChainCount":0},{"RouterId":1,"ActiveChainCount":0},{"RouterId":2,"ActiveChainCount":0}]},"VectorClock":{"client1":3,"coord":20,"router1":5,"router2":5,"router3":5}}
{"TracerIdentity":"coord","TraceID":8836995917212901287,"Tag":"OnionRingCreated","Body":{"Routers":[3,1,2]},"VectorClock":{"client1":3,"coord":21,"router1":5,"router2":5,"router3":5}}
{"TracerIdentity":"coord","TraceID":8836995917212901287,"Tag":"GenerateTokenTrace","Body":{"Token":"pWNvb3Jkz3qjUPdfDV+nhadyb3V0ZXIyBadyb3V0ZXIzBadjbGllbnQxA6Vjb29yZBancm91dGVyMQU="},"VectorClock":{"client1":3,"coord":22,"router1":5,"router2":5,"router3":5}}
{"TracerIdentity":"client1","TraceID":8836995917212901287,"Tag":"ReceiveTokenTrace","Body":{"Token":"pWNvb3Jkz3qjUPdfDV+nhadyb3V0ZXIyBadyb3V0ZXIzBadjbGllbnQxA6Vjb29yZBancm91dGVyMQU="},"VectorClock":{"client1":4,"coord":22,"router1":5,"router2":5,"router3":5}}
{"TracerIdentity":"client1","TraceID":8836995917212901287,"Tag":"NewOnionRing","Body":{"ClientId":"abc584f3-ad0a-48c6-aedf-1f8f45f4640d","RouterIds":[3,1,2]},"VectorClock":{"client1":5,"coord":22,"router1":5,"router2":5,"router3":5}}
{"TracerIdentity":"client1","TraceID":8836995917212901287,"Tag":"GenerateTokenTrace","Body":{"Token":"p2NsaWVudDHPeqNQ918NX6eFp3JvdXRlcjMFpWNvb3JkFqdyb3V0ZXIxBadyb3V0ZXIyBadjbGllbnQxBg=="},"VectorClock":{"client1":6,"coord":22,"router1":5,"router2":5,"router3":5}}
{"TracerIdentity":"client1","TraceID":8836995917212901287,"Tag":"CircuitInit","Body":{"ClientId":"abc584f3-ad0a-48c6-aedf-1f8f45f4640d"},"VectorClock":{"client1":7,"coord":22,"router1":5,"router2":5,"router3":5}}
{"TracerIdentity":"client1","TraceID":8836995917212901287,"Tag":"GenerateTokenTrace","Body":{"Token":"p2NsaWVudDHPeqNQ918NX6eFp2NsaWVudDEIp3JvdXRlcjMFpWNvb3JkFqdyb3V0ZXIxBadyb3V0ZXIyBQ=="},"VectorClock":{"client1":8,"coord":22,"router1":5,"router2":5,"router3":5}}
{"TracerIdentity":"router3","TraceID":8836995917212901287,"Tag":"ReceiveTokenTrace","Body":{"Token":"p2NsaWVudDHPeqNQ918NX6eFp2NsaWVudDEIp3JvdXRlcjMFpWNvb3JkFqdyb3V0ZXIxBadyb3V0ZXIyBQ=="},"VectorClock":{"client1":8,"coord":22,"router1":5,"router2":5,"router3":8}}
{"TracerIdentity":"router3","TraceID":8836995917212901287,"Tag":"RouterCircuitInitRecvd","Body":{"RouterId":3,"ClientId":"abc584f3-ad0a-48c6-aedf-1f8f45f4640d"},"VectorClock":{"client1":8,"coord":22,"router1":5,"router2":5,"router3":9}}
{"TracerIdentity":"router3","TraceID":8836995917212901287,"Tag":"GenerateTokenTrace","Body":{"Token":"p3JvdXRlcjPPeqNQ918NX6eFp3JvdXRlcjMKpWNvb3JkFqdyb3V0ZXIxBadyb3V0ZXIyBadjbGllbnQxCA=="},"VectorClock":{"client1":8,"coord":22,"router1":5,"router2":5,"router3":10}}
{"TracerIdentity":"client1","TraceID":8836995917212901287,"Tag":"ReceiveTokenTrace","Body":{"Token":"p3JvdXRlcjPPeqNQ918NX6eFp3JvdXRlcjMKpWNvb3JkFqdyb3V0ZXIxBadyb3V0ZXIyBadjbGllbnQxCA=="},"VectorClock":{"client1":9,"coord":22,"router1":5,"router2":5,"router3":10}}
{"TracerIdentity":"client1","TraceID":8836995917212901287,"Tag":"CircuitInitComplete","Body":{"ClientId":"abc584f3-ad0a-48c6-aedf-1f8f45f4640d"},"VectorClock":{"client1":10,"coord":22,"router1":5,"router2":5,"router3":10}}
{"TracerIdentity":"client1","TraceID":8836995917212901287,"Tag":"GenerateTokenTrace","Body":{"Token":"p2NsaWVudDHPeqNQ918NX6eFp3JvdXRlcjEFp3JvdXRlcjIFp2NsaWVudDELp3JvdXRlcjMKpWNvb3JkFg=="},"VectorClock":{"client1":11,"coord":22,"router1":5,"router2":5,"router3":10}}
{"TracerIdentity":"client1","TraceID":8836995917212901287,"Tag":"CircuitInit","Body":{"ClientId":"abc584f3-ad0a-48c6-aedf-1f8f45f4640d"},"VectorClock":{"client1":12,"coord":22,"router1":5,"router2":5,"router3":10}}
{"TracerIdentity":"client1","TraceID":8836995917212901287,"Tag":"GenerateTokenTrace","Body":{"Token":"p2NsaWVudDHPeqNQ918NX6eFp2NsaWVudDENp3JvdXRlcjMKpWNvb3JkFqdyb3V0ZXIxBadyb3V0ZXIyBQ=="},"VectorClock":{"client1":13,"coord":22,"router1":5,"router2":5,"router3":10}}
{"TracerIdentity":"router3","TraceID":8836995917212901287,"Tag":"ReceiveTokenTrace","Body":{"Token":"p2NsaWVudDHPeqNQ918NX6eFp2NsaWVudDENp3JvdXRlcjMKpWNvb3JkFqdyb3V0ZXIxBadyb3V0ZXIyBQ=="},"VectorClock":{"client1":13,"coord":22,"router1":5,"router2":5,"router3":11}}
{"TracerIdentity":"router3","TraceID":8836995917212901287,"Tag":"RouterCircuitInitRecvd","Body":{"RouterId":3,"ClientId":"abc584f3-ad0a-48c6-aedf-1f8f45f4640d"},"VectorClock":{"client1":13,"coord":22,"router1":5,"router2":5,"router3":12}}
{"TracerIdentity":"coord","TraceID":4484083746252012746,"Tag":"RouterActiveChainCountUpdate","Body":{"RouterId":3,"Old":0,"New":1},"VectorClock":{"client1":3,"coord":23,"router1":5,"router2":5,"router3":5}}
{"TracerIdentity":"router3","TraceID":8836995917212901287,"Tag":"RouterCircuitInitFwd","Body":{"RouterId":3,"ClientId":"abc584f3-ad0a-48c6-aedf-1f8f45f4640d"},"VectorClock":{"client1":13,"coord":22,"router1":5,"router2":5,"router3":13}}
{"TracerIdentity":"router3","TraceID":8836995917212901287,"Tag":"GenerateTokenTrace","Body":{"Token":"p3JvdXRlcjPPeqNQ918NX6eFp3JvdXRlcjMOpWNvb3JkFqdyb3V0ZXIxBadyb3V0ZXIyBadjbGllbnQxDQ=="},"VectorClock":{"client1":13,"coord":22,"router1":5,"router2":5,"router3":14}}
{"TracerIdentity":"router1","TraceID":8836995917212901287,"Tag":"ReceiveTokenTrace","Body":{"Token":"p3JvdXRlcjPPeqNQ918NX6eFp3JvdXRlcjMOpWNvb3JkFqdyb3V0ZXIxBadyb3V0ZXIyBadjbGllbnQxDQ=="},"VectorClock":{"client1":13,"coord":22,"router1":8,"router2":5,"router3":14}}
{"TracerIdentity":"router1","TraceID":8836995917212901287,"Tag":"RouterCircuitInitRecvd","Body":{"RouterId":1,"ClientId":"abc584f3-ad0a-48c6-aedf-1f8f45f4640d"},"VectorClock":{"client1":13,"coord":22,"router1":9,"router2":5,"router3":14}}
{"TracerIdentity":"router1","TraceID":8836995917212901287,"Tag":"GenerateTokenTrace","Body":{"Token":"p3JvdXRlcjHPeqNQ918NX6eFp3JvdXRlcjMOp3JvdXRlcjIFp2NsaWVudDENp3JvdXRlcjEKpWNvb3JkFg=="},"VectorClock":{"client1":13,"coord":22,"router1":10,"router2":5,"router3":14}}
{"TracerIdentity":"client1","TraceID":8836995917212901287,"Tag":"ReceiveTokenTrace","Body":{"Token":"p3JvdXRlcjHPeqNQ918NX6eFp3JvdXRlcjMOp3JvdXRlcjIFp2NsaWVudDENp3JvdXRlcjEKpWNvb3JkFg=="},"VectorClock":{"client1":14,"coord":22,"router1":10,"router2":5,"router3":14}}
{"TracerIdentity":"client1","TraceID":8836995917212901287,"Tag":"CircuitInitComplete","Body":{"ClientId":"abc584f3-ad0a-48c6-aedf-1f8f45f4640d"},"VectorClock":{"client1":15,"coord":22,"router1":10,"router2":5,"router3":14}}
{"TracerIdentity":"client1","TraceID":8836995917212901287,"Tag":"GenerateTokenTrace","Body":{"Token":"p2NsaWVudDHPeqNQ918NX6eFp3JvdXRlcjIFp2NsaWVudDEQp3JvdXRlcjMOpWNvb3JkFqdyb3V0ZXIxCg=="},"VectorClock":{"client1":16,"coord":22,"router1":10,"router2":5,"router3":14}}
{"TracerIdentity":"client1","TraceID":8836995917212901287,"Tag":"CircuitInit","Body":{"ClientId":"abc584f3-ad0a-48c6-aedf-1f8f45f4640d"},"VectorClock":{"client1":17,"coord":22,"router1":10,"router2":5,"router3":14}}
{"TracerIdentity":"client1","TraceID":8836995917212901287,"Tag":"GenerateTokenTrace","Body":{"Token":"p2NsaWVudDHPeqNQ918NX6eFp2NsaWVudDESp3JvdXRlcjMOpWNvb3JkFqdyb3V0ZXIxCqdyb3V0ZXIyBQ=="},"VectorClock":{"client1":18,"coord":22,"router1":10,"router2":5,"router3":14}}
{"TracerIdentity":"router3","TraceID":8836995917212901287,"Tag":"ReceiveTokenTrace","Body":{"Token":"p2NsaWVudDHPeqNQ918NX6eFp2NsaWVudDESp3JvdXRlcjMOpWNvb3JkFqdyb3V0ZXIxCqdyb3V0ZXIyBQ=="},"VectorClock":{"client1":18,"coord":22,"router1":10,"router2":5,"router3":15}}
{"TracerIdentity":"router3","TraceID":8836995917212901287,"Tag":"RouterCircuitInitRecvd","Body":{"RouterId":3,"ClientId":"abc584f3-ad0a-48c6-aedf-1f8f45f4640d"},"VectorClock":{"client1":18,"coord":22,"router1":10,"router2":5,"router3":16}}
{"TracerIdentity":"coord","TraceID":4484083746252012746,"Tag":"RouterActiveChainCountUpdate","Body":{"RouterId":1,"Old":0,"New":1},"VectorClock":{"client1":3,"coord":24,"router1":5,"router2":5,"router3":5}}
{"TracerIdentity":"router3","TraceID":8836995917212901287,"Tag":"RouterCircuitInitFwd","Body":{"RouterId":3,"ClientId":"abc584f3-ad0a-48c6-aedf-1f8f45f4640d"},"VectorClock":{"client1":18,"coord":22,"router1":10,"router2":5,"router3":17}}
{"TracerIdentity":"router3","TraceID":8836995917212901287,"Tag":"GenerateTokenTrace","Body":{"Token":"p3JvdXRlcjPPeqNQ918NX6eFp3JvdXRlcjMSpWNvb3JkFqdyb3V0ZXIxCqdyb3V0ZXIyBadjbGllbnQxEg=="},"VectorClock":{"client1":18,"coord":22,"router1":10,"router2":5,"router3":18}}
{"TracerIdentity":"router1","TraceID":8836995917212901287,"Tag":"ReceiveTokenTrace","Body":{"Token":"p3JvdXRlcjPPeqNQ918NX6eFp3JvdXRlcjMSpWNvb3JkFqdyb3V0ZXIxCqdyb3V0ZXIyBadjbGllbnQxEg=="},"VectorClock":{"client1":18,"coord":22,"router1":11,"router2":5,"router3":18}}
{"TracerIdentity":"router1","TraceID":8836995917212901287,"Tag":"RouterCircuitInitRecvd","Body":{"RouterId":1,"ClientId":"abc584f3-ad0a-48c6-aedf-1f8f45f4640d"},"VectorClock":{"client1":18,"coord":22,"router1":12,"router2":5,"router3":18}}
{"TracerIdentity":"router1","TraceID":8836995917212901287,"Tag":"RouterCircuitInitFwd","Body":{"RouterId":1,"ClientId":"abc584f3-ad0a-48c6-aedf-1f8f45f4640d"},"VectorClock":{"client1":18,"coord":22,"router1":13,"router2":5,"router3":18}}
{"TracerIdentity":"router1","TraceID":8836995917212901287,"Tag":"GenerateTokenTrace","Body":{"Token":"p3JvdXRlcjHPeqNQ918NX6eFpWNvb3JkFqdyb3V0ZXIzEqdyb3V0ZXIyBadjbGllbnQxEqdyb3V0ZXIxDg=="},"VectorClock":{"client1":18,"coord":22,"router1":14,"router2":5,"router3":18}}
{"TracerIdentity":"router2","TraceID":8836995917212901287,"Tag":"ReceiveTokenTrace","Body":{"Token":"p3JvdXRlcjHPeqNQ918NX6eFpWNvb3JkFqdyb3V0ZXIzEqdyb3V0ZXIyBadjbGllbnQxEqdyb3V0ZXIxDg=="},"VectorClock":{"client1":18,"coord":22,"router1":14,"router2":8,"router3":18}}
{"TracerIdentity":"router2","TraceID":8836995917212901287,"Tag":"RouterCircuitInitRecvd","Body":{"RouterId":2,"ClientId":"abc584f3-ad0a-48c6-aedf-1f8f45f4640d"},"VectorClock":{"client1":18,"coord":22,"router1":14,"router2":9,"router3":18}}
{"TracerIdentity":"router2","TraceID":8836995917212901287,"Tag":"GenerateTokenTrace","Body":{"Token":"p3JvdXRlcjLPeqNQ918NX6eFp3JvdXRlcjIKpWNvb3JkFqdyb3V0ZXIxDqdjbGllbnQxEqdyb3V0ZXIzEg=="},"VectorClock":{"client1":18,"coord":22,"router1":14,"router2":10,"router3":18}}
{"TracerIdentity":"client1","TraceID":8836995917212901287,"Tag":"ReceiveTokenTrace","Body":{"Token":"p3JvdXRlcjLPeqNQ918NX6eFp3JvdXRlcjIKpWNvb3JkFqdyb3V0ZXIxDqdjbGllbnQxEqdyb3V0ZXIzEg=="},"VectorClock":{"client1":19,"coord":22,"router1":14,"router2":10,"router3":18}}
{"TracerIdentity":"client1","TraceID":8836995917212901287,"Tag":"CircuitInitComplete","Body":{"ClientId":"abc584f3-ad0a-48c6-aedf-1f8f45f4640d"},"VectorClock":{"client1":20,"coord":22,"router1":14,"router2":10,"router3":18}}
{"TracerIdentity":"client1","TraceID":8836995917212901287,"Tag":"ClientRequest","Body":{"ClientId":"abc584f3-ad0a-48c6-aedf-1f8f45f4640d","RequestOnion":"t17qifJuoBE6oQ=="},"VectorClock":{"client1":21,"coord":22,"router1":14,"router2":10,"router3":18}}
{"TracerIdentity":"client1","TraceID":8836995917212901287,"Tag":"GenerateTokenTrace","Body":{"Token":"p2NsaWVudDHPeqNQ918NX6eFpWNvb3JkFqdyb3V0ZXIxDqdyb3V0ZXIyCqdjbGllbnQxFqdyb3V0ZXIzEg=="},"VectorClock":{"client1":22,"coord":22,"router1":14,"router2":10,"router3":18}}
{"TracerIdentity":"router3","TraceID":8836995917212901287,"Tag":"ReceiveTokenTrace","Body":{"Token":"p2NsaWVudDHPeqNQ918NX6eFpWNvb3JkFqdyb3V0ZXIxDqdyb3V0ZXIyCqdjbGllbnQxFqdyb3V0ZXIzEg=="},"VectorClock":{"client1":22,"coord":22,"router1":14,"router2":10,"router3":19}}
{"TracerIdentity":"router3","TraceID":8836995917212901287,"Tag":"RouterRequestRecvd","Body":{"RouterId":3,"ClientId":"abc584f3-ad0a-48c6-aedf-1f8f45f4640d","RequestOnion":"t17qifJuoBE6oQ=="},"VectorClock":{"client1":22,"coord":22,"router1":14,"router2":10,"router3":20}}
{"TracerIdentity":"coord","TraceID":4484083746252012746,"Tag":"RouterActiveChainCountUpdate","Body":{"RouterId":2,"Old":0,"New":1},"VectorClock":{"client1":3,"coord":25,"router1":5,"router2":5,"router3":5}}
{"TracerIdentity":"router3","TraceID":8836995917212901287,"Tag":"RouterRequestFwd","Body":{"RouterId":3,"ClientId":"abc584f3-ad0a-48c6-aedf-1f8f45f4640d","RequestOnion":"uHG7niBUSoAs/w=="},"VectorClock":{"client1":22,"coord":22,"router1":14,"router2":10,"router3":21}}
{"TracerIdentity":"router3","TraceID":8836995917212901287,"Tag":"GenerateTokenTrace","Body":{"Token":"p3JvdXRlcjPPeqNQ918NX6eFp2NsaWVudDEWp3JvdXRlcjMWpWNvb3JkFqdyb3V0ZXIxDqdyb3V0ZXIyCg=="},"VectorClock":{"client1":22,"coord":22,"router1":14,"router2":10,"router3":22}}
{"TracerIdentity":"router1","TraceID":8836995917212901287,"Tag":"ReceiveTokenTrace","Body":{"Token":"p3JvdXRlcjPPeqNQ918NX6eFp2NsaWVudDEWp3JvdXRlcjMWpWNvb3JkFqdyb3V0ZXIxDqdyb3V0ZXIyCg=="},"VectorClock":{"client1":22,"coord":22,"router1":15,"router2":10,"router3":22}}
{"TracerIdentity":"router1","TraceID":8836995917212901287,"Tag":"RouterRequestRecvd","Body":{"RouterId":1,"ClientId":"abc584f3-ad0a-48c6-aedf-1f8f45f4640d","RequestOnion":"uHG7niBUSoAs/w=="},"VectorClock":{"client1":22,"coord":22,"router1":16,"router2":10,"router3":22}}
{"TracerIdentity":"router1","TraceID":8836995917212901287,"Tag":"RouterRequestFwd","Body":{"RouterId":1,"ClientId":"abc584f3-ad0a-48c6-aedf-1f8f45f4640d","RequestOnion":"gU8Fho1uCZj0pw=="},"VectorClock":{"client1":22,"coord":22,"router1":17,"router2":10,"router3":22}}
{"TracerIdentity":"router1","TraceID":8836995917212901287,"Tag":"GenerateTokenTrace","Body":{"Token":"p3JvdXRlcjHPeqNQ918NX6eFp3JvdXRlcjIKp2NsaWVudDEWp3JvdXRlcjESpWNvb3JkFqdyb3V0ZXIzFg=="},"VectorClock":{"client1":22,"coord":22,"router1":18,"router2":10,"router3":22}}
{"TracerIdentity":"router2","TraceID":8836995917212901287,"Tag":"ReceiveTokenTrace","Body":{"Token":"p3JvdXRlcjHPeqNQ918NX6eFp3JvdXRlcjIKp2NsaWVudDEWp3JvdXRlcjESpWNvb3JkFqdyb3V0ZXIzFg=="},"VectorClock":{"client1":22,"coord":22,"router1":18,"router2":11,"router3":22}}
{"TracerIdentity":"router2","TraceID":8836995917212901287,"Tag":"RouterRequestRecvd","Body":{"RouterId":2,"ClientId":"abc584f3-ad0a-48c6-aedf-1f8f45f4640d","RequestOnion":"gU8Fho1uCZj0pw=="},"VectorClock":{"client1":22,"coord":22,"router1":18,"router2":12,"router3":22}}
{"TracerIdentity":"router2","TraceID":8836995917212901287,"Tag":"ExitRouterRequest","Body":{"RouterId":2,"ClientId":"abc584f3-ad0a-48c6-aedf-1f8f45f4640d","Plaintext":"http://20.83.180.95/view"},"VectorClock":{"client1":22,"coord":22,"router1":18,"router2":13,"router3":22}}
{"TracerIdentity":"router2","TraceID":8836995917212901287,"Tag":"ResponseRelay","Body":{"RouterId":2,"ClientId":"abc584f3-ad0a-48c6-aedf-1f8f45f4640d","ResponseOnion":"kxEApzWQmWfHlg=="},"VectorClock":{"client1":22,"coord":22,"router1":18,"router2":14,"router3":22}}
{"TracerIdentity":"router2","TraceID":8836995917212901287,"Tag":"GenerateTokenTrace","Body":{"Token":"p3JvdXRlcjLPeqNQ918NX6eFp3JvdXRlcjIPpWNvb3JkFqdyb3V0ZXIxEqdjbGllbnQxFqdyb3V0ZXIzFg=="},"VectorClock":{"client1":22,"coord":22,"router1":18,"router2":15,"router3":22}}
{"TracerIdentity":"router1","TraceID":8836995917212901287,"Tag":"ReceiveTokenTrace","Body":{"Token":"p3JvdXRlcjLPeqNQ918NX6eFp3JvdXRlcjIPpWNvb3JkFqdyb3V0ZXIxEqdjbGllbnQxFqdyb3V0ZXIzFg=="},"VectorClock":{"client1":22,"coord":22,"router1":19,"router2":15,"router3":22}}
{"TracerIdentity":"router1","TraceID":8836995917212901287,"Tag":"ResponseRelayRecvd","Body":{"RouterId":1,"ClientId":"abc584f3-ad0a-48c6-aedf-1f8f45f4640d","ResponseOnion":"kxEApzWQmWfHlg=="},"VectorClock":{"client1":22,"coord":22,"router1":20,"router2":15,"router3":22}}
{"TracerIdentity":"router1","TraceID":8836995917212901287,"Tag":"ResponseRelay","Body":{"RouterId":1,"ClientId":"abc584f3-ad0a-48c6-aedf-1f8f45f4640d","ResponseOnion":"MM1RVxGHzsc9NA=="},"VectorClock":{"client1":22,"coord":22,"router1":21,"router2":15,"router3":22}}
{"TracerIdentity":"router1","TraceID":8836995917212901287,"Tag":"GenerateTokenTrace","Body":{"Token":"p3JvdXRlcjHPeqNQ918NX6eFp3JvdXRlcjEWpWNvb3JkFqdyb3V0ZXIzFqdyb3V0ZXIyD6djbGllbnQxFg=="},"VectorClock":{"client1":22,"coord":22,"router1":22,"router2":15,"router3":22}}
{"TracerIdentity":"router3","TraceID":8836995917212901287,"Tag":"ReceiveTokenTrace","Body":{"Token":"p3JvdXRlcjHPeqNQ918NX6eFp3JvdXRlcjEWpWNvb3JkFqdyb3V0ZXIzFqdyb3V0ZXIyD6djbGllbnQxFg=="},"VectorClock":{"client1":22,"coord":22,"router1":22,"router2":15,"router3":23}}
{"TracerIdentity":"router3","TraceID":8836995917212901287,"Tag":"ResponseRelayRecvd","Body":{"RouterId":3,"ClientId":"abc584f3-ad0a-48c6-aedf-1f8f45f4640d","ResponseOnion":"MM1RVxGHzsc9NA=="},"VectorClock":{"client1":22,"coord":22,"router1":22,"router2":15,"router3":24}}
{"TracerIdentity":"router3","TraceID":8836995917212901287,"Tag":"ResponseRelay","Body":{"RouterId":3,"ClientId":"abc584f3-ad0a-48c6-aedf-1f8f45f4640d","ResponseOnion":"ZBKQzGr649nzKQ=="},"VectorClock":{"client1":22,"coord":22,"router1":22,"router2":15,"router3":25}}
{"TracerIdentity":"router3","TraceID":8836995917212901287,"Tag":"GenerateTokenTrace","Body":{"Token":"p3JvdXRlcjPPeqNQ918NX6eFp3JvdXRlcjMapWNvb3JkFqdyb3V0ZXIxFqdyb3V0ZXIyD6djbGllbnQxFg=="},"VectorClock":{"client1":22,"coord":22,"router1":22,"router2":15,"router3":26}}
{"TracerIdentity":"client1","TraceID":8836995917212901287,"Tag":"ReceiveTokenTrace","Body":{"Token":"p3JvdXRlcjPPeqNQ918NX6eFp3JvdXRlcjMapWNvb3JkFqdyb3V0ZXIxFqdyb3V0ZXIyD6djbGllbnQxFg=="},"VectorClock":{"client1":23,"coord":22,"router1":22,"router2":15,"router3":26}}
{"TracerIdentity":"client1","TraceID":8836995917212901287,"Tag":"ResponseRecvd","Body":{"ClientId":"abc584f3-ad0a-48c6-aedf-1f8f45f4640d","ResponseOnion":"ZBKQzGr649nzKQ=="},"VectorClock":{"client1":24,"coord":22,"router1":22,"router2":15,"router3":26}}
{"TracerIdentity":"client1","TraceID":8836995917212901287,"Tag":"CircuitTeardown","Body":{"ClientId":"abc584f3-ad0a-48c6-aedf-1f8f45f4640d"},"VectorClock":{"client1":25,"coord":22,"router1":22,"router2":15,"router3":26}}
{"TracerIdentity":"client1","TraceID":8836995917212901287,"Tag":"GenerateTokenTrace","Body":{"Token":"p2NsaWVudDHPeqNQ918NX6eFp3JvdXRlcjEWp3JvdXRlcjIPp2NsaWVudDEap3JvdXRlcjMapWNvb3JkFg=="},"VectorClock":{"client1":26,"coord":22,"router1":22,"router2":15,"router3":26}}
{"TracerIdentity":"router3","TraceID":8836995917212901287,"Tag":"ReceiveTokenTrace","Body":{"Token":"p2NsaWVudDHPeqNQ918NX6eFp3JvdXRlcjEWp3JvdXRlcjIPp2NsaWVudDEap3JvdXRlcjMapWNvb3JkFg=="},"VectorClock":{"client1":26,"coord":22,"router1":22,"router2":15,"router3":27}}
{"TracerIdentity":"router3","TraceID":8836995917212901287,"Tag":"CircuitTeardownRecvd","Body":{"RouterId":3,"ClientId":"abc584f3-ad0a-48c6-aedf-1f8f45f4640d"},"VectorClock":{"client1":26,"coord":22,"router1":22,"router2":15,"router3":28}}
{"TracerIdentity":"router3","TraceID":8836995917212901287,"Tag":"CircuitTeardownFwd","Body":{"RouterId":3,"ClientId":"abc584f3-ad0a-48c6-aedf-1f8f45f4640d"},"VectorClock":{"client1":26,"coord":22,"router1":22,"router2":15,"router3":29}}
{"TracerIdentity":"router3","TraceID":8836995917212901287,"Tag":"GenerateTokenTrace","Body":{"Token":"p3JvdXRlcjPPeqNQ918NX6eFp3JvdXRlcjMepWNvb3JkFqdyb3V0ZXIxFqdyb3V0ZXIyD6djbGllbnQxGg=="},"VectorClock":{"client1":26,"coord":22,"router1":22,"router2":15,"router3":30}}
{"TracerIdentity":"router1","TraceID":8836995917212901287,"Tag":"ReceiveTokenTrace","Body":{"Token":"p3JvdXRlcjPPeqNQ918NX6eFp3JvdXRlcjMepWNvb3JkFqdyb3V0ZXIxFqdyb3V0ZXIyD6djbGllbnQxGg=="},"VectorClock":{"client1":26,"coord":22,"router1":23,"router2":15,"router3":30}}
{"TracerIdentity":"router1","TraceID":8836995917212901287,"Tag":"CircuitTeardownRecvd","Body":{"RouterId":1,"ClientId":"abc584f3-ad0a-48c6-aedf-1f8f45f4640d"},"VectorClock":{"client1":26,"coord":22,"router1":24,"router2":15,"router3":30}}
{"TracerIdentity":"router1","TraceID":8836995917212901287,"Tag":"CircuitTeardownFwd","Body":{"RouterId":1,"ClientId":"abc584f3-ad0a-48c6-aedf-1f8f45f4640d"},"VectorClock":{"client1":26,"coord":22,"router1":25,"router2":15,"router3":30}}
{"TracerIdentity":"router1","TraceID":8836995917212901287,"Tag":"GenerateTokenTrace","Body":{"Token":"p3JvdXRlcjHPeqNQ918NX6eFp3JvdXRlcjMep3JvdXRlcjIPp2NsaWVudDEap3JvdXRlcjEapWNvb3JkFg=="},"VectorClock":{"client1":26,"coord":22,"router1":26,"router2":15,"router3":30}}
{"TracerIdentity":"router2","TraceID":8836995917212901287,"Tag":"ReceiveTokenTrace","Body":{"Token":"p3JvdXRlcjHPeqNQ918NX6eFp3JvdXRlcjMep3JvdXRlcjIPp2NsaWVudDEap3JvdXRlcjEapWNvb3JkFg=="},"VectorClock":{"client1":26,"coord":22,"router1":26,"router2":16,"router3":30}}
{"TracerIdentity":"router2","TraceID":8836995917212901287,"Tag":"CircuitTeardownRecvd","Body":{"RouterId":2,"ClientId":"abc584f3-ad0a-48c6-aedf-1f8f45f4640d"},"VectorClock":{"client1":26,"coord":22,"router1":26,"router2":17,"router3":30}}
{"TracerIdentity":"router2","TraceID":8836995917212901287,"Tag":"GenerateTokenTrace","Body":{"Token":"p3JvdXRlcjLPeqNQ918NX6eFp2NsaWVudDEap3JvdXRlcjMep3JvdXRlcjISpWNvb3JkFqdyb3V0ZXIxGg=="},"VectorClock":{"client1":26,"coord":22,"router1":26,"router2":18,"router3":30}}
{"TracerIdentity":"client1","TraceID":8836995917212901287,"Tag":"ReceiveTokenTrace","Body":{"Token":"p3JvdXRlcjLPeqNQ918NX6eFp2NsaWVudDEap3JvdXRlcjMep3JvdXRlcjISpWNvb3JkFqdyb3V0ZXIxGg=="},"VectorClock":{"client1":27,"coord":22,"router1":26,"router2":18,"router3":30}}
{"TracerIdentity":"client1","TraceID":8836995917212901287,"Tag":"CircuitTeardownComplete","Body":{"ClientId":"abc584f3-ad0a-48c6-aedf-1f8f45f4640d"},"VectorClock":{"client1":28,"coord":22,"router1":26,"router2":18,"router3":30}}
{"TracerIdentity":"coord","TraceID":4484083746252012746,"Tag":"RouterActiveChainCountUpdate","Body":{"RouterId":1,"Old":1,"New":0},"VectorClock":{"client1":3,"coord":26,"router1":5,"router2":5,"router3":5}}
{"TracerIdentity":"coord","TraceID":4484083746252012746,"Tag":"RouterActiveChainCountUpdate","Body":{"RouterId":3,"Old":1,"New":0},"VectorClock":{"client1":3,"coord":27,"router1":5,"router2":5,"router3":5}}
{"TracerIdentity":"coord","TraceID":4484083746252012746,"Tag":"RouterActiveChainCountUpdate","Body":{"RouterId":2,"Old":1,"New":0},"VectorClock":{"client1":3,"coord":28,"router1":5,"router2":5,"router3":5}}
